<?xml version="1.0" encoding="UTF-8"?>
<!-- Generated by org.testng.reporters.JUnitReportReporter -->
<testsuite skipped="0" hostname="DESKTOP-QT2S8L5" name="com.crm.qa.testcases.TaskPageTest" tests="4" failures="0" timestamp="09 May 2021 04:38:28 GMT" time="87.219" errors="0">
  <testcase name="custCreation" time="24.071" classname="com.crm.qa.testcases.TaskPageTest"/>
  <testcase name="validateTaskTitle" time="19.231" classname="com.crm.qa.testcases.TaskPageTest"/>
  <testcase name="custCreation" time="19.608" classname="com.crm.qa.testcases.TaskPageTest"/>
  <testcase name="custCreation" time="24.309" classname="com.crm.qa.testcases.TaskPageTest"/>
</testsuite> <!-- com.crm.qa.testcases.TaskPageTest -->
