<?xml version="1.0" encoding="UTF-8"?>
<!-- Generated by org.testng.reporters.JUnitReportReporter -->
<testsuite skipped="0" hostname="DESKTOP-QT2S8L5" name="com.crm.qa.testcases.HomePageTest" tests="3" failures="0" timestamp="09 May 2021 04:38:28 GMT" time="50.876" errors="0">
  <testcase name="changeUser" time="18.092" classname="com.crm.qa.testcases.HomePageTest"/>
  <testcase name="validateHomePageTitle" time="14.510" classname="com.crm.qa.testcases.HomePageTest"/>
  <testcase name="clickTakLink" time="18.274" classname="com.crm.qa.testcases.HomePageTest"/>
</testsuite> <!-- com.crm.qa.testcases.HomePageTest -->
