<?xml version="1.0" encoding="UTF-8"?>
<!-- Generated by org.testng.reporters.JUnitReportReporter -->
<testsuite skipped="0" hostname="DESKTOP-QT2S8L5" name="com.crm.qa.testcases.LoginPageTest" tests="4" failures="0" timestamp="09 May 2021 04:38:28 GMT" time="43.761" errors="0">
  <testcase name="validateLogo" time="10.723" classname="com.crm.qa.testcases.LoginPageTest"/>
  <testcase name="login" time="12.796" classname="com.crm.qa.testcases.LoginPageTest"/>
  <testcase name="forgotPwdLink" time="9.316" classname="com.crm.qa.testcases.LoginPageTest"/>
  <testcase name="loginPageTitleTest" time="10.926" classname="com.crm.qa.testcases.LoginPageTest"/>
</testsuite> <!-- com.crm.qa.testcases.LoginPageTest -->
